750
884 324
620 365
394 8
304 27
32 18
243 44
99 51
401 12
817 71
513 185
423
204 105
80 59
715 470
415 143
339 156
375 262
758 661
336 155
331 65
454 321
76 10
157 117
846 134
376 163
297 101
525 118
835 183
273 182
417 414
980 20
438 31
162 67
929 137
735 630
447 269
270 249
717 271
562 372
553 94
595 91
226 40
172 169
455 115
744 475
982 341
124 26
345 150
133 49
350 69
327 85
231 116
259 146
665 114
481 171
789 252
671
701 695
355 227
405 289
566 535
937 215
371 131
847 521
740 263
160 36
581 487
494 368
737 388
407 344
760 153
993 285
544 151
422 383
403 190
616
75
338 126
168 102
320
409 52
469 236
61 15
603 147
960 524
195 152
161 93
991 619
290 221
496 474
461 128
207 138
497
571 200
858 343
881 224
484 288
490 413
248 234
495 337
70
940 53
5
434 97
353 55
615 47
617 306
198 57
675 579
973 705
246 96
868 662
607 392
622 432
712
188 46
608 88
428 2
927 534
437 199
427 72
813 238
808 359
866 410
529 482
458 386
873 129
879 291
751 165
517 206
833 522
464 402
589 471
862 684
632 37
250 64
894 657
664 465
952 511
968 424
466 0
62
576
814 373
528 363
856 30
325
638
120
28
590 95
872 837
721 330
670 175
912 762
444 266
498 237
988 795
910 108
947 130
902 841
962
256 54
275
915 586
797 580
759 478
949 518
7
286
78
442
765 382
726 552
853 676
800 86
716 408
527 492
898 6
279
145
768
244 104
488
301
459 307
196
436
584
501 318
752 625
659 310
83
774 426
825 697
612 399
668 545
995 191
753 543
629
109
820
181
68 66
22
775
441
242 144
677
228
87
796 223
957 840
974 885
770 653
928 892
709 703
197
965 335
860
891 119
930 253
582 123
832 806
816 609
272
943 398
381
848
280 218
583 476
241
329
347
857 295
411
503 384
412
698 631
700 366
127
861 643
711 710
573 173
956 818
9
781 82
187
550
125
951
570
4
167
799
265
516
113
287
211
38
203
793 572
903 624
977 510
838 805
311
911 84
660 547
90
314
34
585 577
637 578
159
370
23
567
596
251
882 390
918 537
73
743
364
81
450
281
636 443
19
298
11
604
480
222
514
92
260
24
761
958 798
449 257
707
462
834 385
499
723
627
849
964
605
41
433
946 633
467
194
179
225
393
300
810 419
404
546
149
532
877
568 452
742
406
210
245
148
777
209
720 58
519
235
45
794 683
267
457
749 600
967 901
98
140
673 618
89
446
924
219
278
696 666
509
557
681 523
850
899
111
769 418
29
953 674
996 445
635 598
738
628 264
689 563
756
634 601
136
512 395
312
803
451
745
773 599
193
994
141
985 587
103
294
909 548
667
981 158
746
106
644
309
536
763 714
346
48
688
258
107
13
606
230
932 871
533
728
961 180
942
166
296
479
50
824 686
305
56
189
724
201
121
35
358
233
25
602
176
979 782
706
836
277
254
718
60
217
651 558
551
348
439
923
323
39
876 685
504
732
897 750
184
755
328
867
520
177
112
14
828 801
783 79
3
387
17
178
839
63
505
302
367
997
588
645
208
852
878
829
920 731
919 916
100
74
154
483
220
319
261
472
313
531
559
477
21
904 542
855
255
247
917
43
110
139
802
575
970
282
303
283
284
42
276
132
334
356
933
142
945 214
538
122
508
539
1
192
984 934
299
186
352
77
205
999 990
788 564
429
326
500
647
561
164
463
727
613
212
174
704
456
216
468
202
239
389
232
229
317
357
351
268
435
240
416
332
778
340
349
374
377
274
400
293
489
507
430
333
491
626
893
170
421
493
826
33
361
360
473
369
486
682
396
448
771
560
16
135
614
506
315
502
623
397
950
889
316
736
730
308
641
992
440
719
485
921
809
380
530
574
807
391
908
342
362
425
460
654
549
431
556
526
939
883 699
591
791
540
555
541
823
844
420
594
830
597
213
292
648
702
888
453
754
926
592
611
741
649
565
650
554
694
722
978
679
819
658
652
610
646
680
642
863
693
621
656
678
747
729
812
887
691
787
569
515
733
378
776
655
821
379
687
669
865
786
672
708
886
811
843
822
713
663
870
975
725
907
739
692
772
779
963
804
827
864
869
931
354
905
640
890
766
784
831
792
859
851
845
757
815
925
935
874
875
906
748
593
969
790
690
976
639
880
922
764
896
936
913
734
767
941 322
780
955
785
842
954
972
900
854
895
944
914
959
938
998
948
986
987
966
983
971
989
